20:58:24 **** Incremental Build of configuration Debug for project Project_4 ****
make all 
Building file: ../main.c
Invoking: AVR Compiler
avr-gcc -Wall -g2 -gstabs -O0 -fpack-struct -fshort-enums -ffunction-sections -fdata-sections -std=gnu99 -funsigned-char -funsigned-bitfields -mmcu=atmega32 -DF_CPU=16000000UL -MMD -MP -MF"main.d" -MT"main.o" -c -o "main.o" "../main.c"
In file included from ../main.c:12:
c:/winavr-20100110/lib/gcc/../../avr/include/util/delay.h:90:3: warning: #warning "Compiler optimizations disabled; functions from <util/delay.h> won't work as designed"
Finished building: ../main.c
 
Building target: Project_4.elf
Invoking: AVR C Linker
avr-gcc -Wl,-Map,Project_4.map -mmcu=atmega32 -o "Project_4.elf"  ./buzzer.o ./gpio.o ./icu.o ./lcd.o ./led.o ./main.o ./ultrasonic.o   
Finished building target: Project_4.elf
 
Invoking: AVR Create Extended Listing
avr-objdump -h -S Project_4.elf  >"Project_4.lss"
Finished building: Project_4.lss
 
Invoking: Print Size
avr-size --format=avr --mcu=atmega32 Project_4.elf
AVR Memory Usage
----------------
Device: atmega32

Program:   13506 bytes (41.2% Full)
(.text + .data + .bootloader)

Data:        300 bytes (14.6% Full)
(.data + .bss + .noinit)


Finished building: sizedummy
 

20:58:25 Build Finished. 0 errors, 1 warnings. (took 509ms)

